# JRE version: OpenJDK Runtime Environment (17.0.7) (build 17.0.7+0-b2043.56-10550314)
# Java VM: OpenJDK 64-Bit Server VM (17.0.7+0-b2043.56-10550314, mixed mode, tiered, compressed oops, compressed class ptrs, g1 gc, windows-amd64)
GC Precious Log:
 CPUs: 8 total, 8 available
 Memory: 7987M
 Large Page Support: Disabled
 NUMA Support: Disabled
 Compressed Oops: Enabled (32-bit)
 Heap Region Size: 1M
 Heap Min Capacity: 8M
 Heap Initial Capacity: 126M
 Heap Max Capacity: 2G
 Pre-touch: Disabled
 Parallel Workers: 8
 Concurrent Workers: 2
 Concurrent Refinement Workers: 8
 Periodic GC: Disabled
Heap:
 garbage-first heap   total 324608K, used 251192K [0x0000000080000000, 0x0000000100000000)
  region size 1024K, 12 young (12288K), 5 survivors (5120K)
 Metaspace       used 112780K, committed 113600K, reserved 1179648K
  class space    used 15644K, committed 16064K, reserved 1048576K
GC Heap History (20 events):
Event: 124.857 GC heap before
{Heap before GC invocations=59 (full 0):
 garbage-first heap   total 183296K, used 135436K [0x0000000080000000, 0x0000000100000000)
  region size 1024K, 15 young (15360K), 3 survivors (3072K)
 Metaspace       used 106331K, committed 107072K, reserved 1179648K
  class space    used 14500K, committed 14848K, reserved 1048576K
}
Event: 124.864 GC heap after
{Heap after GC invocations=60 (full 0):
 garbage-first heap   total 183296K, used 127764K [0x0000000080000000, 0x0000000100000000)
  region size 1024K, 5 young (5120K), 5 survivors (5120K)
 Metaspace       used 106331K, committed 107072K, reserved 1179648K
  class space    used 14500K, committed 14848K, reserved 1048576K
}
Event: 147.152 GC heap before
{Heap before GC invocations=61 (full 0):
 garbage-first heap   total 219136K, used 163604K [0x0000000080000000, 0x0000000100000000)
  region size 1024K, 28 young (28672K), 5 survivors (5120K)
 Metaspace       used 108984K, committed 109760K, reserved 1179648K
  class space    used 14894K, committed 15296K, reserved 1048576K
}
Event: 147.156 GC heap after
{Heap after GC invocations=62 (full 0):
 garbage-first heap   total 219136K, used 143883K [0x0000000080000000, 0x0000000100000000)
  region size 1024K, 4 young (4096K), 4 survivors (4096K)
 Metaspace       used 108984K, committed 109760K, reserved 1179648K
  class space    used 14894K, committed 15296K, reserved 1048576K
}
Event: 148.425 GC heap before
{Heap before GC invocations=62 (full 0):
 garbage-first heap   total 219136K, used 158219K [0x0000000080000000, 0x0000000100000000)
  region size 1024K, 10 young (10240K), 4 survivors (4096K)
 Metaspace       used 109744K, committed 110528K, reserved 1179648K
  class space    used 15003K, committed 15424K, reserved 1048576K
}
Event: 148.428 GC heap after
{Heap after GC invocations=63 (full 0):
 garbage-first heap   total 219136K, used 146524K [0x0000000080000000, 0x0000000100000000)
  region size 1024K, 1 young (1024K), 1 survivors (1024K)
 Metaspace       used 109744K, committed 110528K, reserved 1179648K
  class space    used 15003K, committed 15424K, reserved 1048576K
}
Event: 148.444 GC heap before
{Heap before GC invocations=63 (full 0):
 garbage-first heap   total 219136K, used 191580K [0x0000000080000000, 0x0000000100000000)
  region size 1024K, 12 young (12288K), 1 survivors (1024K)
 Metaspace       used 109750K, committed 110528K, reserved 1179648K
  class space    used 15003K, committed 15424K, reserved 1048576K
}
Event: 148.446 GC heap after
{Heap after GC invocations=64 (full 0):
 garbage-first heap   total 219136K, used 165559K [0x0000000080000000, 0x0000000100000000)
  region size 1024K, 4 young (4096K), 4 survivors (4096K)
 Metaspace       used 109750K, committed 110528K, reserved 1179648K
  class space    used 15003K, committed 15424K, reserved 1048576K
}
Event: 148.448 GC heap before
{Heap before GC invocations=64 (full 0):
 garbage-first heap   total 219136K, used 167607K [0x0000000080000000, 0x0000000100000000)
  region size 1024K, 5 young (5120K), 4 survivors (4096K)
 Metaspace       used 109750K, committed 110528K, reserved 1179648K
  class space    used 15003K, committed 15424K, reserved 1048576K
}
Event: 148.451 GC heap after
{Heap after GC invocations=65 (full 0):
 garbage-first heap   total 219136K, used 164697K [0x0000000080000000, 0x0000000100000000)
  region size 1024K, 1 young (1024K), 1 survivors (1024K)
 Metaspace       used 109750K, committed 110528K, reserved 1179648K
  class space    used 15003K, committed 15424K, reserved 1048576K
}
Event: 150.078 GC heap before
{Heap before GC invocations=66 (full 0):
 garbage-first heap   total 314368K, used 194393K [0x0000000080000000, 0x0000000100000000)
  region size 1024K, 17 young (17408K), 1 survivors (1024K)
 Metaspace       used 110008K, committed 110784K, reserved 1179648K
  class space    used 15048K, committed 15424K, reserved 1048576K
}
Event: 150.084 GC heap after
{Heap after GC invocations=67 (full 0):
 garbage-first heap   total 314368K, used 174991K [0x0000000080000000, 0x0000000100000000)
  region size 1024K, 3 young (3072K), 3 survivors (3072K)
 Metaspace       used 110008K, committed 110784K, reserved 1179648K
  class space    used 15048K, committed 15424K, reserved 1048576K
}
Event: 150.228 GC heap before
{Heap before GC invocations=67 (full 0):
 garbage-first heap   total 314368K, used 186255K [0x0000000080000000, 0x0000000100000000)
  region size 1024K, 15 young (15360K), 3 survivors (3072K)
 Metaspace       used 110008K, committed 110784K, reserved 1179648K
  class space    used 15048K, committed 15424K, reserved 1048576K
}
Event: 150.235 GC heap after
{Heap after GC invocations=68 (full 0):
 garbage-first heap   total 314368K, used 179026K [0x0000000080000000, 0x0000000100000000)
  region size 1024K, 2 young (2048K), 2 survivors (2048K)
 Metaspace       used 110008K, committed 110784K, reserved 1179648K
  class space    used 15048K, committed 15424K, reserved 1048576K
}
Event: 150.488 GC heap before
{Heap before GC invocations=68 (full 0):
 garbage-first heap   total 314368K, used 193362K [0x0000000080000000, 0x0000000100000000)
  region size 1024K, 17 young (17408K), 2 survivors (2048K)
 Metaspace       used 110010K, committed 110784K, reserved 1179648K
  class space    used 15048K, committed 15424K, reserved 1048576K
}
Event: 150.500 GC heap after
{Heap after GC invocations=69 (full 0):
 garbage-first heap   total 314368K, used 184998K [0x0000000080000000, 0x0000000100000000)
  region size 1024K, 7 young (7168K), 7 survivors (7168K)
 Metaspace       used 110010K, committed 110784K, reserved 1179648K
  class space    used 15048K, committed 15424K, reserved 1048576K
}
Event: 153.467 GC heap before
{Heap before GC invocations=70 (full 0):
 garbage-first heap   total 324608K, used 237222K [0x0000000080000000, 0x0000000100000000)
  region size 1024K, 54 young (55296K), 7 survivors (7168K)
 Metaspace       used 111585K, committed 112384K, reserved 1179648K
  class space    used 15441K, committed 15808K, reserved 1048576K
}
Event: 153.489 GC heap after
{Heap after GC invocations=71 (full 0):
 garbage-first heap   total 324608K, used 203434K [0x0000000080000000, 0x0000000100000000)
  region size 1024K, 7 young (7168K), 7 survivors (7168K)
 Metaspace       used 111585K, committed 112384K, reserved 1179648K
  class space    used 15441K, committed 15808K, reserved 1048576K
}
Event: 154.391 GC heap before
{Heap before GC invocations=71 (full 0):
 garbage-first heap   total 324608K, used 211626K [0x0000000080000000, 0x0000000100000000)
  region size 1024K, 15 young (15360K), 7 survivors (7168K)
 Metaspace       used 112510K, committed 113280K, reserved 1179648K
  class space    used 15609K, committed 16000K, reserved 1048576K
}
Event: 154.403 GC heap after
{Heap after GC invocations=72 (full 0):
 garbage-first heap   total 324608K, used 205373K [0x0000000080000000, 0x0000000100000000)
  region size 1024K, 2 young (2048K), 2 survivors (2048K)
 Metaspace       used 112510K, committed 113280K, reserved 1179648K
  class space    used 15609K, committed 16000K, reserved 1048576K
}

